<?xml version="1.0" encoding="UTF-8"?>
<!-- Generated by org.testng.reporters.JUnitReportReporter -->
<testsuite skipped="0" hostname="Nazmul_Lenovo" name="testCases.LoginPageTest" tests="2" failures="0" timestamp="10 Feb 2022 04:35:14 GMT" time="44.537" errors="0">
  <testcase name="LoginTest" time="21.957" classname="testCases.LoginPageTest"/>
  <testcase name="LoginPageTitleTest" time="22.580" classname="testCases.LoginPageTest"/>
</testsuite> <!-- testCases.LoginPageTest -->
