<?xml version="1.0" encoding="UTF-8"?>
<!-- Generated by org.testng.reporters.JUnitReportReporter -->
<testsuite skipped="0" hostname="Nazmul_Lenovo" name="testCases.LoginPageTest" tests="2" failures="0" timestamp="09 Feb 2022 06:57:43 GMT" time="20.910" errors="0">
  <testcase name="LoginTest" time="9.293" classname="testCases.LoginPageTest"/>
  <testcase name="LoginPageTitleTest" time="11.617" classname="testCases.LoginPageTest"/>
</testsuite> <!-- testCases.LoginPageTest -->
